{"/home/joeldev/Documentos/software development/my project/project-node/ecommerce-node-ts-api/src/Contexts/shared/application/errors/application-confilct.exception.ts": {"path":"/home/joeldev/Documentos/software development/my project/project-node/ecommerce-node-ts-api/src/Contexts/shared/application/errors/application-confilct.exception.ts","statementMap":{"0":{"start":{"line":1,"column":0},"end":{"line":1,"column":13}}},"fnMap":{},"branchMap":{},"s":{"0":1},"f":{},"b":{}}
,"/home/joeldev/Documentos/software development/my project/project-node/ecommerce-node-ts-api/src/Contexts/shared/domain/errors/domain-format.exception.ts": {"path":"/home/joeldev/Documentos/software development/my project/project-node/ecommerce-node-ts-api/src/Contexts/shared/domain/errors/domain-format.exception.ts","statementMap":{"0":{"start":{"line":1,"column":0},"end":{"line":1,"column":13}}},"fnMap":{},"branchMap":{},"s":{"0":1},"f":{},"b":{}}
,"/home/joeldev/Documentos/software development/my project/project-node/ecommerce-node-ts-api/src/Contexts/shared/domain/errors/vo-format.exception.ts": {"path":"/home/joeldev/Documentos/software development/my project/project-node/ecommerce-node-ts-api/src/Contexts/shared/domain/errors/vo-format.exception.ts","statementMap":{"0":{"start":{"line":1,"column":0},"end":{"line":1,"column":66}},"1":{"start":{"line":5,"column":4},"end":{"line":5,"column":57}},"2":{"start":{"line":3,"column":0},"end":{"line":3,"column":13}}},"fnMap":{"0":{"name":"(anonymous_0)","decl":{"start":{"line":4,"column":2},"end":{"line":4,"column":14}},"loc":{"start":{"line":4,"column":49},"end":{"line":6,"column":3}}}},"branchMap":{},"s":{"0":1,"1":0,"2":1},"f":{"0":0},"b":{}}
,"/home/joeldev/Documentos/software development/my project/project-node/ecommerce-node-ts-api/src/Contexts/shared/domain/value-objects/name.vo.ts": {"path":"/home/joeldev/Documentos/software development/my project/project-node/ecommerce-node-ts-api/src/Contexts/shared/domain/value-objects/name.vo.ts","statementMap":{"0":{"start":{"line":1,"column":0},"end":{"line":1,"column":45}},"1":{"start":{"line":2,"column":0},"end":{"line":2,"column":66}},"2":{"start":{"line":6,"column":2},"end":{"line":6,"column":42}},"3":{"start":{"line":10,"column":2},"end":{"line":10,"column":72}},"4":{"start":{"line":10,"column":24},"end":{"line":10,"column":72}},"5":{"start":{"line":4,"column":0},"end":{"line":4,"column":13}}},"fnMap":{"0":{"name":"(anonymous_0)","decl":{"start":{"line":5,"column":8},"end":{"line":5,"column":14}},"loc":{"start":{"line":5,"column":34},"end":{"line":7,"column":2}}},"1":{"name":"(anonymous_1)","decl":{"start":{"line":9,"column":11},"end":{"line":9,"column":24}},"loc":{"start":{"line":9,"column":38},"end":{"line":11,"column":2}}}},"branchMap":{"0":{"loc":{"start":{"line":10,"column":2},"end":{"line":10,"column":72}},"type":"if","locations":[{"start":{"line":10,"column":2},"end":{"line":10,"column":72}}]}},"s":{"0":1,"1":1,"2":0,"3":1,"4":0,"5":1},"f":{"0":0,"1":1},"b":{"0":[0]}}
,"/home/joeldev/Documentos/software development/my project/project-node/ecommerce-node-ts-api/src/Contexts/shared/domain/value-objects/state.vo.ts": {"path":"/home/joeldev/Documentos/software development/my project/project-node/ecommerce-node-ts-api/src/Contexts/shared/domain/value-objects/state.vo.ts","statementMap":{"0":{"start":{"line":1,"column":0},"end":{"line":1,"column":66}},"1":{"start":{"line":2,"column":0},"end":{"line":2,"column":45}},"2":{"start":{"line":6,"column":2},"end":{"line":6,"column":42}},"3":{"start":{"line":10,"column":2},"end":{"line":11,"column":52}},"4":{"start":{"line":11,"column":3},"end":{"line":11,"column":52}},"5":{"start":{"line":4,"column":0},"end":{"line":4,"column":13}}},"fnMap":{"0":{"name":"(anonymous_0)","decl":{"start":{"line":5,"column":8},"end":{"line":5,"column":14}},"loc":{"start":{"line":5,"column":35},"end":{"line":7,"column":2}}},"1":{"name":"(anonymous_1)","decl":{"start":{"line":9,"column":11},"end":{"line":9,"column":24}},"loc":{"start":{"line":9,"column":39},"end":{"line":12,"column":2}}}},"branchMap":{"0":{"loc":{"start":{"line":10,"column":2},"end":{"line":11,"column":52}},"type":"if","locations":[{"start":{"line":10,"column":2},"end":{"line":11,"column":52}}]}},"s":{"0":1,"1":1,"2":0,"3":1,"4":0,"5":1},"f":{"0":0,"1":1},"b":{"0":[0]}}
,"/home/joeldev/Documentos/software development/my project/project-node/ecommerce-node-ts-api/src/Contexts/shared/domain/value-objects/uuid.vo.ts": {"path":"/home/joeldev/Documentos/software development/my project/project-node/ecommerce-node-ts-api/src/Contexts/shared/domain/value-objects/uuid.vo.ts","statementMap":{"0":{"start":{"line":1,"column":0},"end":{"line":1,"column":66}},"1":{"start":{"line":2,"column":0},"end":{"line":2,"column":45}},"2":{"start":{"line":3,"column":0},"end":{"line":3,"column":31}},"3":{"start":{"line":7,"column":2},"end":{"line":7,"column":42}},"4":{"start":{"line":11,"column":2},"end":{"line":11,"column":73}},"5":{"start":{"line":11,"column":25},"end":{"line":11,"column":73}},"6":{"start":{"line":5,"column":0},"end":{"line":5,"column":13}}},"fnMap":{"0":{"name":"(anonymous_1)","decl":{"start":{"line":6,"column":8},"end":{"line":6,"column":14}},"loc":{"start":{"line":6,"column":34},"end":{"line":8,"column":2}}},"1":{"name":"(anonymous_2)","decl":{"start":{"line":10,"column":11},"end":{"line":10,"column":24}},"loc":{"start":{"line":10,"column":38},"end":{"line":12,"column":2}}}},"branchMap":{"0":{"loc":{"start":{"line":11,"column":2},"end":{"line":11,"column":73}},"type":"if","locations":[{"start":{"line":11,"column":2},"end":{"line":11,"column":73}}]}},"s":{"0":1,"1":1,"2":1,"3":0,"4":1,"5":0,"6":1},"f":{"0":0,"1":1},"b":{"0":[0]}}
,"/home/joeldev/Documentos/software development/my project/project-node/ecommerce-node-ts-api/src/Contexts/shared/domain/value-objects/value-object.ts": {"path":"/home/joeldev/Documentos/software development/my project/project-node/ecommerce-node-ts-api/src/Contexts/shared/domain/value-objects/value-object.ts","statementMap":{"0":{"start":{"line":2,"column":29},"end":{"line":2,"column":37}},"1":{"start":{"line":3,"column":2},"end":{"line":3,"column":28}},"2":{"start":{"line":1,"column":0},"end":{"line":1,"column":22}}},"fnMap":{"0":{"name":"(anonymous_0)","decl":{"start":{"line":2,"column":1},"end":{"line":2,"column":29}},"loc":{"start":{"line":2,"column":37},"end":{"line":4,"column":2}}}},"branchMap":{},"s":{"0":5,"1":5,"2":1},"f":{"0":5},"b":{}}
,"/home/joeldev/Documentos/software development/my project/project-node/ecommerce-node-ts-api/src/Contexts/user/application/errors/user-email-already-in-use.exception.ts": {"path":"/home/joeldev/Documentos/software development/my project/project-node/ecommerce-node-ts-api/src/Contexts/user/application/errors/user-email-already-in-use.exception.ts","statementMap":{"0":{"start":{"line":1,"column":0},"end":{"line":1,"column":112}},"1":{"start":{"line":5,"column":2},"end":{"line":5,"column":32}},"2":{"start":{"line":3,"column":0},"end":{"line":3,"column":13}}},"fnMap":{"0":{"name":"(anonymous_0)","decl":{"start":{"line":4,"column":1},"end":{"line":4,"column":null}},"loc":{"start":{"line":4,"column":1},"end":{"line":6,"column":2}}}},"branchMap":{},"s":{"0":1,"1":0,"2":1},"f":{"0":0},"b":{}}
,"/home/joeldev/Documentos/software development/my project/project-node/ecommerce-node-ts-api/src/Contexts/user/application/errors/user-id-already-in-use.exception.ts": {"path":"/home/joeldev/Documentos/software development/my project/project-node/ecommerce-node-ts-api/src/Contexts/user/application/errors/user-id-already-in-use.exception.ts","statementMap":{"0":{"start":{"line":1,"column":0},"end":{"line":1,"column":112}},"1":{"start":{"line":5,"column":2},"end":{"line":5,"column":34}},"2":{"start":{"line":3,"column":0},"end":{"line":3,"column":13}}},"fnMap":{"0":{"name":"(anonymous_0)","decl":{"start":{"line":4,"column":1},"end":{"line":4,"column":null}},"loc":{"start":{"line":4,"column":1},"end":{"line":6,"column":2}}}},"branchMap":{},"s":{"0":1,"1":0,"2":1},"f":{"0":0},"b":{}}
,"/home/joeldev/Documentos/software development/my project/project-node/ecommerce-node-ts-api/src/Contexts/user/application/usecase/user-register.usecase.ts": {"path":"/home/joeldev/Documentos/software development/my project/project-node/ecommerce-node-ts-api/src/Contexts/user/application/usecase/user-register.usecase.ts","statementMap":{"0":{"start":{"line":1,"column":0},"end":{"line":1,"column":89}},"1":{"start":{"line":2,"column":0},"end":{"line":2,"column":95}},"2":{"start":{"line":5,"column":0},"end":{"line":5,"column":26}},"3":{"start":{"line":6,"column":0},"end":{"line":6,"column":46}},"4":{"start":{"line":7,"column":0},"end":{"line":7,"column":68}},"5":{"start":{"line":8,"column":0},"end":{"line":8,"column":100}},"6":{"start":{"line":15,"column":7},"end":{"line":40,"column":null}},"7":{"start":{"line":18,"column":19},"end":{"line":18,"column":51}},"8":{"start":{"line":28,"column":20},"end":{"line":28,"column":59}},"9":{"start":{"line":29,"column":2},"end":{"line":29,"column":65}},"10":{"start":{"line":29,"column":25},"end":{"line":29,"column":65}},"11":{"start":{"line":31,"column":20},"end":{"line":31,"column":65}},"12":{"start":{"line":32,"column":2},"end":{"line":32,"column":68}},"13":{"start":{"line":32,"column":25},"end":{"line":32,"column":68}},"14":{"start":{"line":36,"column":2},"end":{"line":38,"column":4}},"15":{"start":{"line":15,"column":13},"end":{"line":40,"column":null}},"16":{"start":{"line":15,"column":13},"end":{"line":15,"column":32}}},"fnMap":{"0":{"name":"(anonymous_4)","decl":{"start":{"line":16,"column":1},"end":{"line":16,"column":null}},"loc":{"start":{"line":18,"column":51},"end":{"line":19,"column":5}}},"1":{"name":"(anonymous_5)","decl":{"start":{"line":21,"column":1},"end":{"line":21,"column":6}},"loc":{"start":{"line":26,"column":16},"end":{"line":39,"column":2}}}},"branchMap":{"0":{"loc":{"start":{"line":29,"column":2},"end":{"line":29,"column":65}},"type":"if","locations":[{"start":{"line":29,"column":2},"end":{"line":29,"column":65}}]},"1":{"loc":{"start":{"line":32,"column":2},"end":{"line":32,"column":68}},"type":"if","locations":[{"start":{"line":32,"column":2},"end":{"line":32,"column":68}}]}},"s":{"0":1,"1":1,"2":1,"3":1,"4":1,"5":1,"6":1,"7":1,"8":1,"9":1,"10":0,"11":1,"12":1,"13":0,"14":1,"15":1,"16":1},"f":{"0":1,"1":1},"b":{"0":[0],"1":[0]}}
,"/home/joeldev/Documentos/software development/my project/project-node/ecommerce-node-ts-api/src/Contexts/user/domain/models/user.model.ts": {"path":"/home/joeldev/Documentos/software development/my project/project-node/ecommerce-node-ts-api/src/Contexts/user/domain/models/user.model.ts","statementMap":{"0":{"start":{"line":1,"column":0},"end":{"line":1,"column":58}},"1":{"start":{"line":2,"column":0},"end":{"line":2,"column":52}},"2":{"start":{"line":3,"column":0},"end":{"line":3,"column":70}},"3":{"start":{"line":4,"column":0},"end":{"line":4,"column":70}},"4":{"start":{"line":5,"column":0},"end":{"line":5,"column":72}},"5":{"start":{"line":10,"column":18},"end":{"line":10,"column":28}},"6":{"start":{"line":11,"column":9},"end":{"line":11,"column":21}},"7":{"start":{"line":12,"column":9},"end":{"line":12,"column":23}},"8":{"start":{"line":13,"column":9},"end":{"line":13,"column":29}},"9":{"start":{"line":14,"column":9},"end":{"line":14,"column":23}},"10":{"start":{"line":18,"column":2},"end":{"line":24,"column":4}},"11":{"start":{"line":28,"column":2},"end":{"line":34,"column":4}},"12":{"start":{"line":8,"column":0},"end":{"line":8,"column":13}}},"fnMap":{"0":{"name":"(anonymous_0)","decl":{"start":{"line":9,"column":1},"end":{"line":9,"column":null}},"loc":{"start":{"line":14,"column":23},"end":{"line":15,"column":5}}},"1":{"name":"(anonymous_1)","decl":{"start":{"line":17,"column":1},"end":{"line":17,"column":7}},"loc":{"start":{"line":17,"column":36},"end":{"line":25,"column":2}}},"2":{"name":"(anonymous_2)","decl":{"start":{"line":27,"column":1},"end":{"line":27,"column":13}},"loc":{"start":{"line":27,"column":13},"end":{"line":35,"column":2}}}},"branchMap":{},"s":{"0":1,"1":1,"2":1,"3":1,"4":1,"5":2,"6":2,"7":2,"8":2,"9":2,"10":0,"11":0,"12":1},"f":{"0":2,"1":0,"2":0},"b":{}}
,"/home/joeldev/Documentos/software development/my project/project-node/ecommerce-node-ts-api/src/Contexts/user/domain/value-objects/email.vo.ts": {"path":"/home/joeldev/Documentos/software development/my project/project-node/ecommerce-node-ts-api/src/Contexts/user/domain/value-objects/email.vo.ts","statementMap":{"0":{"start":{"line":2,"column":0},"end":{"line":2,"column":42}},"1":{"start":{"line":3,"column":0},"end":{"line":3,"column":86}},"2":{"start":{"line":4,"column":0},"end":{"line":4,"column":80}},"3":{"start":{"line":8,"column":2},"end":{"line":8,"column":42}},"4":{"start":{"line":12,"column":2},"end":{"line":12,"column":72}},"5":{"start":{"line":12,"column":23},"end":{"line":12,"column":72}},"6":{"start":{"line":6,"column":0},"end":{"line":6,"column":13}}},"fnMap":{"0":{"name":"(anonymous_0)","decl":{"start":{"line":7,"column":8},"end":{"line":7,"column":14}},"loc":{"start":{"line":7,"column":35},"end":{"line":9,"column":2}}},"1":{"name":"(anonymous_1)","decl":{"start":{"line":11,"column":11},"end":{"line":11,"column":24}},"loc":{"start":{"line":11,"column":38},"end":{"line":13,"column":2}}}},"branchMap":{"0":{"loc":{"start":{"line":12,"column":2},"end":{"line":12,"column":72}},"type":"if","locations":[{"start":{"line":12,"column":2},"end":{"line":12,"column":72}}]}},"s":{"0":1,"1":1,"2":1,"3":0,"4":1,"5":0,"6":1},"f":{"0":0,"1":1},"b":{"0":[0]}}
,"/home/joeldev/Documentos/software development/my project/project-node/ecommerce-node-ts-api/src/Contexts/user/domain/value-objects/password.vo.ts": {"path":"/home/joeldev/Documentos/software development/my project/project-node/ecommerce-node-ts-api/src/Contexts/user/domain/value-objects/password.vo.ts","statementMap":{"0":{"start":{"line":1,"column":0},"end":{"line":1,"column":28}},"1":{"start":{"line":2,"column":0},"end":{"line":2,"column":86}},"2":{"start":{"line":3,"column":0},"end":{"line":3,"column":80}},"3":{"start":{"line":7,"column":2},"end":{"line":7,"column":42}},"4":{"start":{"line":11,"column":2},"end":{"line":11,"column":76}},"5":{"start":{"line":11,"column":24},"end":{"line":11,"column":76}},"6":{"start":{"line":15,"column":15},"end":{"line":15,"column":46}},"7":{"start":{"line":16,"column":2},"end":{"line":16,"column":30}},"8":{"start":{"line":5,"column":0},"end":{"line":5,"column":13}}},"fnMap":{"0":{"name":"(anonymous_1)","decl":{"start":{"line":6,"column":8},"end":{"line":6,"column":14}},"loc":{"start":{"line":6,"column":38},"end":{"line":8,"column":2}}},"1":{"name":"(anonymous_2)","decl":{"start":{"line":10,"column":11},"end":{"line":10,"column":24}},"loc":{"start":{"line":10,"column":38},"end":{"line":12,"column":2}}},"2":{"name":"(anonymous_3)","decl":{"start":{"line":14,"column":1},"end":{"line":14,"column":7}},"loc":{"start":{"line":14,"column":37},"end":{"line":17,"column":2}}}},"branchMap":{"0":{"loc":{"start":{"line":11,"column":2},"end":{"line":11,"column":76}},"type":"if","locations":[{"start":{"line":11,"column":2},"end":{"line":11,"column":76}}]}},"s":{"0":1,"1":1,"2":1,"3":0,"4":1,"5":0,"6":0,"7":0,"8":1},"f":{"0":0,"1":1,"2":0},"b":{"0":[0]}}
,"/home/joeldev/Documentos/software development/my project/project-node/ecommerce-node-ts-api/src/apps/mooc/backend/dependency-injection/container.types.ts": {"path":"/home/joeldev/Documentos/software development/my project/project-node/ecommerce-node-ts-api/src/apps/mooc/backend/dependency-injection/container.types.ts","statementMap":{"0":{"start":{"line":1,"column":0},"end":{"line":1,"column":null}},"1":{"start":{"line":2,"column":2},"end":{"line":2,"column":null}},"2":{"start":{"line":3,"column":2},"end":{"line":3,"column":null}},"3":{"start":{"line":4,"column":2},"end":{"line":4,"column":null}},"4":{"start":{"line":5,"column":2},"end":{"line":5,"column":null}},"5":{"start":{"line":6,"column":2},"end":{"line":6,"column":null}},"6":{"start":{"line":8,"column":2},"end":{"line":8,"column":null}},"7":{"start":{"line":9,"column":2},"end":{"line":9,"column":null}},"8":{"start":{"line":10,"column":2},"end":{"line":10,"column":null}},"9":{"start":{"line":11,"column":2},"end":{"line":11,"column":null}},"10":{"start":{"line":12,"column":2},"end":{"line":12,"column":null}},"11":{"start":{"line":13,"column":2},"end":{"line":13,"column":null}},"12":{"start":{"line":14,"column":2},"end":{"line":14,"column":null}},"13":{"start":{"line":15,"column":2},"end":{"line":15,"column":null}},"14":{"start":{"line":16,"column":2},"end":{"line":16,"column":null}},"15":{"start":{"line":17,"column":2},"end":{"line":17,"column":null}},"16":{"start":{"line":18,"column":2},"end":{"line":18,"column":null}},"17":{"start":{"line":20,"column":2},"end":{"line":20,"column":null}},"18":{"start":{"line":21,"column":2},"end":{"line":21,"column":null}},"19":{"start":{"line":22,"column":2},"end":{"line":22,"column":null}},"20":{"start":{"line":23,"column":2},"end":{"line":23,"column":null}},"21":{"start":{"line":24,"column":2},"end":{"line":24,"column":null}},"22":{"start":{"line":26,"column":2},"end":{"line":26,"column":null}},"23":{"start":{"line":27,"column":2},"end":{"line":27,"column":null}},"24":{"start":{"line":28,"column":2},"end":{"line":28,"column":null}},"25":{"start":{"line":29,"column":2},"end":{"line":29,"column":null}},"26":{"start":{"line":30,"column":2},"end":{"line":30,"column":null}},"27":{"start":{"line":31,"column":2},"end":{"line":31,"column":null}},"28":{"start":{"line":33,"column":2},"end":{"line":33,"column":null}},"29":{"start":{"line":34,"column":2},"end":{"line":34,"column":null}}},"fnMap":{"0":{"name":"(anonymous_0)","decl":{"start":{"line":1,"column":0},"end":{"line":1,"column":12}},"loc":{"start":{"line":1,"column":26},"end":{"line":35,"column":1}}}},"branchMap":{"0":{"loc":{"start":{"line":1,"column":12},"end":{"line":1,"column":null}},"type":"binary-expr","locations":[{"start":{"line":1,"column":12},"end":{"line":1,"column":26}},{"start":{"line":1,"column":12},"end":{"line":1,"column":null}}]}},"s":{"0":1,"1":1,"2":1,"3":1,"4":1,"5":1,"6":1,"7":1,"8":1,"9":1,"10":1,"11":1,"12":1,"13":1,"14":1,"15":1,"16":1,"17":1,"18":1,"19":1,"20":1,"21":1,"22":1,"23":1,"24":1,"25":1,"26":1,"27":1,"28":1,"29":1},"f":{"0":1},"b":{"0":[1,1]}}
}
